C51 COMPILER V9.60.0.0   MAIN                                                              10/19/2022 17:30:33 PAGE 1   


C51 COMPILER V9.60.0.0, COMPILATION OF MODULE MAIN
OBJECT MODULE PLACED IN main.OBJ
COMPILER INVOKED BY: C:\Keil_v5\C51\BIN\C51.EXE main.c OPTIMIZE(8,SPEED) BROWSE DEBUG OBJECTEXTEND TABS(2)

line level    source

   1          #include <main.h>
   2          
   3          #define delayLED    40
   4          
   5          //unsigned char  LED7segAnotdp[] =    {0x40,0x79,0x24,0x30,0x19,0x12,0x02,0x78,0x00,0x10};
   6          //unsigned char  LED7segAnot[] =      {0xc0,0xf9,0xa4,0xb0,0x99,0x92,0x82,0xf8,0x80,0x90};
   7          
   8          unsigned char  LED7segAnot[] =      {0x09,0xaf,0x98,0x8c,0x2e,0x4c,0x48,0x8f,0x08,0x0c};
   9          
  10          void LED7seg_Display(unsigned char pos, unsigned char number);
  11          
  12          void delay_ms(unsigned int t)
  13          {
  14   1        unsigned int i,j;
  15   1        for(i=0;i<t;i++)
  16   1        {
  17   2          for(j=0;j<123;j++);
  18   2        }
  19   1      }
  20          
  21          void main()
  22          {
  23   1        int i,j;
  24   1        //Khoi tao ngat ngoai
  25   1        IT0 = 0;
  26   1        EX0 = 1;
  27   1        EA = 1;
  28   1        
  29   1        while(1)
  30   1        {
  31   2          Green1=0;         //Bat den xanh 1
  32   2          Red1=1;           //Tat den do 1
  33   2          Green2=1;         //Tat den xanh 2
  34   2          Red2=0;           //Bat den do 2
  35   2          Yellow1=Yellow2=1;  //Tat den vang 1 va 2
  36   2          for(i=30;i>=0;i--)
  37   2          {
  38   3            if(i<=4)
  39   3            {
  40   4              Green1=1;   //Tat den xanh 1
  41   4              Yellow1=0;    //Bat den vang 1
  42   4              
  43   4              for(j=0;j<delayLED;j++)
  44   4              {
  45   5                LED7seg_Display(2,i/10);
  46   5                LED7seg_Display(3,i%10);
  47   5                LED7segPIN1 = 1;
  48   5                LED7segPIN2 = 1;
  49   5              }
  50   4                LED7segPIN3 = 1;
  51   4                LED7segPIN4 = 1;
  52   4                delay_ms(500);
  53   4            }
  54   3            else
  55   3            {
C51 COMPILER V9.60.0.0   MAIN                                                              10/19/2022 17:30:33 PAGE 2   

  56   4              for(j=0;j<delayLED;j++)
  57   4              {
  58   5                LED7seg_Display(2,i/10);
  59   5                LED7seg_Display(3,i%10);
  60   5                LED7seg_Display(0,(i-5)/10);
  61   5                LED7seg_Display(1,(i-5)%10);
  62   5              }
  63   4            }     
  64   3          }
  65   2            
  66   2          Green1=1;         //Tat den xanh 1
  67   2          Red1=0;           //Bat den do 1
  68   2          Green2=0;         //Bat den xanh 2
  69   2          Red2=1;           //Tat den do 2
  70   2          Yellow1=Yellow2=1;  //Tat den vang 1 va 2
  71   2          for(i=30;i>=0;i--)
  72   2          {
  73   3            if(i<=4)
  74   3            {
  75   4              Green2=1;   //Tat den xanh 2
  76   4              Yellow2=0;    //Bat den vang 2
  77   4              
  78   4              for(j=0;j<delayLED;j++)
  79   4              {
  80   5                LED7seg_Display(0,i/10);
  81   5                LED7seg_Display(1,i%10);
  82   5                LED7segPIN3 = 1;
  83   5                LED7segPIN4 = 1;
  84   5              }
  85   4                LED7segPIN1 = 1;
  86   4                LED7segPIN2 = 1;
  87   4                delay_ms(500);
  88   4            }
  89   3            else
  90   3            {
  91   4              for(j=0;j<delayLED;j++)
  92   4              {
  93   5                LED7seg_Display(0,i/10);
  94   5                LED7seg_Display(1,i%10);
  95   5                LED7seg_Display(2,(i-5)/10);
  96   5                LED7seg_Display(3,(i-5)%10);
  97   5              }
  98   4            }     
  99   3          }
 100   2        } 
 101   1      }
 102          void INT0_ISR() interrupt 0
 103          {
 104   1        LED7segPIN1 = 1;          
 105   1        LED7segPIN2 = 1;
 106   1        LED7segPIN3 = 1;
 107   1        LED7segPIN4 = 1;
 108   1        Green1=Green2=Red1=Red2=1;
 109   1        while(1)
 110   1        {
 111   2          Yellow1=Yellow2=1;
 112   2          delay_ms(1000);
 113   2          Yellow1=Yellow2=0;
 114   2          delay_ms(1000);
 115   2        }
 116   1      }
 117          
C51 COMPILER V9.60.0.0   MAIN                                                              10/19/2022 17:30:33 PAGE 3   

 118          void LED7seg_Display(unsigned char pos, unsigned char number)
 119          {
 120   1          switch(pos)
 121   1          {
 122   2              case 0: LED7seg = LED7segAnot[number];
 123   2                      LED7segPIN1 = 0;
 124   2                      delay_ms(5);
 125   2                      LED7segPIN1 = 1;
 126   2                      break; 
 127   2              case 1: LED7seg = LED7segAnot[number];
 128   2                      LED7segPIN2 = 0;
 129   2                      delay_ms(5);
 130   2                      LED7segPIN2 = 1;
 131   2                      break;
 132   2              case 2: LED7seg = LED7segAnot[number];
 133   2                      LED7segPIN3 = 0;
 134   2                      delay_ms(5);
 135   2                      LED7segPIN3 = 1;
 136   2                      break;
 137   2              case 3: LED7seg = LED7segAnot[number];
 138   2                      LED7segPIN4 = 0;
 139   2                      delay_ms(5);
 140   2                      LED7segPIN4 = 1;
 141   2                      break;
 142   2          }
 143   1      }


MODULE INFORMATION:   STATIC OVERLAYABLE
   CODE SIZE        =    618    ----
   CONSTANT SIZE    =   ----    ----
   XDATA SIZE       =   ----    ----
   PDATA SIZE       =   ----    ----
   DATA SIZE        =     10       4
   IDATA SIZE       =   ----    ----
   BIT SIZE         =   ----    ----
END OF MODULE INFORMATION.


C51 COMPILATION COMPLETE.  0 WARNING(S),  0 ERROR(S)
