Change Component Designator: OldDesignator=R3 NewDesignator=R2
Change Component Designator: OldDesignator=R4 NewDesignator=R3
Change Component Designator: OldDesignator=R5 NewDesignator=R4
Change Component Designator: OldDesignator=R6 NewDesignator=R5
Change Component Designator: OldDesignator=R7 NewDesignator=R6
Change Component Designator: OldDesignator=R8 NewDesignator=R7
Change Component Designator: OldDesignator=R9 NewDesignator=R8
Change Component Designator: OldDesignator=R10 NewDesignator=R9
Change Component Designator: OldDesignator=R11 NewDesignator=R10
Change Component Designator: OldDesignator=R12 NewDesignator=R11
Change Component Designator: OldDesignator=R13 NewDesignator=R12
Change Component Designator: OldDesignator=R14 NewDesignator=R13
Change Component Designator: OldDesignator=R15 NewDesignator=R14
Change Component Designator: OldDesignator=R16 NewDesignator=R15
Change Component Designator: OldDesignator=R17 NewDesignator=R16
Change Component Designator: OldDesignator=R18 NewDesignator=R17
Change Component Designator: OldDesignator=R19 NewDesignator=R18
Change Component Designator: OldDesignator=R20 NewDesignator=R19
Change Component Designator: OldDesignator=R21 NewDesignator=R20
Change Component Designator: OldDesignator=R22 NewDesignator=R21
Change Component Designator: OldDesignator=R23 NewDesignator=R22
Change Component Designator: OldDesignator=R24 NewDesignator=R23
Change Component Designator: OldDesignator=R25 NewDesignator=R24
Change Component Designator: OldDesignator=R26 NewDesignator=R25
Change Component Designator: OldDesignator=R27 NewDesignator=R26
Change Component Designator: OldDesignator=R28 NewDesignator=R27
Added Component: Designator=C5(CA-ALU-8)
Added Pin To Net: NetName=VCC Pin=C5-1
Added Pin To Net: NetName=NetC1_2 Pin=C5-2
Change Net Name : Old Net Name=NetR11_2 New Net Name=NetR10_2
Change Net Name : Old Net Name=NetR12_2 New Net Name=NetR11_2
Change Net Name : Old Net Name=NetR14_2 New Net Name=NetR13_2
Change Net Name : Old Net Name=NetR15_2 New Net Name=NetR14_2
Change Net Name : Old Net Name=NetR17_2 New Net Name=NetR16_2
Change Net Name : Old Net Name=NetR18_2 New Net Name=NetR17_2
Change Net Name : Old Net Name=NetR20_2 New Net Name=NetR19_2
Change Net Name : Old Net Name=NetR21_2 New Net Name=NetR20_2
Added Member To Class: ClassName=Giao_Thong Member=Component C5 470uF
Added Member To Class: ClassName=Giao_Thong Member=Component R10 330
Added Member To Class: ClassName=Giao_Thong Member=Component R19 330
