Added Component: Designator=IC2(DIP40/W0.6)
Added Pin To Net: NetName=RST Pin=IC2-9
Added Pin To Net: NetName=INT0 Pin=IC2-12
Added Pin To Net: NetName=PIN1 Pin=IC2-14
Added Pin To Net: NetName=PIN2 Pin=IC2-15
Added Pin To Net: NetName=PIN3 Pin=IC2-16
Added Pin To Net: NetName=PIN4 Pin=IC2-17
Added Pin To Net: NetName=XT1 Pin=IC2-18
Added Pin To Net: NetName=XT2 Pin=IC2-19
Added Pin To Net: NetName=GND Pin=IC2-20
Added Pin To Net: NetName=GREEN1 Pin=IC2-21
Added Pin To Net: NetName=YELLOW1 Pin=IC2-22
Added Pin To Net: NetName=RED1 Pin=IC2-23
Added Pin To Net: NetName=GREEN2 Pin=IC2-24
Added Pin To Net: NetName=YELLOW2 Pin=IC2-25
Added Pin To Net: NetName=RED2 Pin=IC2-26
Added Pin To Net: NetName=VCC Pin=IC2-31
Added Pin To Net: NetName=P07 Pin=IC2-32
Added Pin To Net: NetName=P06 Pin=IC2-33
Added Pin To Net: NetName=P05 Pin=IC2-34
Added Pin To Net: NetName=P04 Pin=IC2-35
Added Pin To Net: NetName=P03 Pin=IC2-36
Added Pin To Net: NetName=P02 Pin=IC2-37
Added Pin To Net: NetName=P01 Pin=IC2-38
Added Pin To Net: NetName=P00 Pin=IC2-39
Added Pin To Net: NetName=VCC Pin=IC2-40
Added Member To Class: ClassName=Giao_Thong Member=Component IC2 AT89S52
