Change Component Designator: Old Designator=C1 New Designator=C5
Change Component Designator: Old Designator=C2 New Designator=C7
Change Component Designator: Old Designator=C3 New Designator=C6
Change Component Designator: Old Designator=C9 New Designator=C1
Change Component Designator: Old Designator=C10 New Designator=C2
Change Component Designator: Old Designator=C12 New Designator=C3
Change Component Designator: Old Designator=C13 New Designator=C4
Change Component Designator: Old Designator=D5 New Designator=D1
Change Component Designator: Old Designator=D6 New Designator=D2
Change Component Designator: Old Designator=GREEN1 New Designator=GREEN2
Change Component Designator: Old Designator=GREEN2 New Designator=GREEN1
Change Component Designator: Old Designator=GREEN12 New Designator=GREEN3
Change Component Designator: Old Designator=GREEN21 New Designator=GREEN4
Change Component Designator: Old Designator=IC1 New Designator=IC2
Change Component Designator: Old Designator=IC4 New Designator=IC1
Change Component Designator: Old Designator=LED13 New Designator=LED1
Change Component Designator: Old Designator=R1 New Designator=R9
Change Component Designator: Old Designator=R2 New Designator=R10
Change Component Designator: Old Designator=R3 New Designator=R7
Change Component Designator: Old Designator=R3 New Designator=R11
Change Component Designator: Old Designator=R4 New Designator=R5
Change Component Designator: Old Designator=R4 New Designator=R12
Change Component Designator: Old Designator=R5 New Designator=R13
Change Component Designator: Old Designator=R6 New Designator=R14
Change Component Designator: Old Designator=R7 New Designator=R15
Change Component Designator: Old Designator=R8 New Designator=R16
Change Component Designator: Old Designator=R9 New Designator=R17
Change Component Designator: Old Designator=R10 New Designator=R18
Change Component Designator: Old Designator=R11 New Designator=R19
Change Component Designator: Old Designator=R12 New Designator=R20
Change Component Designator: Old Designator=R13 New Designator=R2
Change Component Designator: Old Designator=R13 New Designator=R21
Change Component Designator: Old Designator=R14 New Designator=R1
Change Component Designator: Old Designator=R14 New Designator=R22
Change Component Designator: Old Designator=R15 New Designator=R3
Change Component Designator: Old Designator=R15 New Designator=R23
Change Component Designator: Old Designator=R16 New Designator=R4
Change Component Designator: Old Designator=R16 New Designator=R24
Change Component Designator: Old Designator=R17 New Designator=R25
Change Component Designator: Old Designator=R18 New Designator=R6
Change Component Designator: Old Designator=R18 New Designator=R26
Change Component Designator: Old Designator=R19 New Designator=R8
Change Component Designator: Old Designator=R19 New Designator=R27
Change Component Designator: Old Designator=R20 New Designator=R28
Change Component Designator: Old Designator=R21 New Designator=R29
Change Component Designator: Old Designator=R22 New Designator=R30
Change Component Designator: Old Designator=R23 New Designator=R31
Change Component Designator: Old Designator=R24 New Designator=R32
Change Component Designator: Old Designator=R25 New Designator=R33
Change Component Designator: Old Designator=R26 New Designator=R34
Change Component Designator: Old Designator=R27 New Designator=R35
Change Component Designator: Old Designator=RED1 New Designator=RED2
Change Component Designator: Old Designator=RED2 New Designator=RED1
Change Component Designator: Old Designator=RED12 New Designator=RED3
Change Component Designator: Old Designator=RED21 New Designator=RED4
Change Component Designator: Old Designator=S1 New Designator=S2
Change Component Designator: Old Designator=S2 New Designator=S1
Change Component Designator: Old Designator=YELLOW1 New Designator=YELLOW2
Change Component Designator: Old Designator=YELLOW2 New Designator=YELLOW1
Change Component Designator: Old Designator=YELLOW12 New Designator=YELLOW3
Change Component Designator: Old Designator=YELLOW22 New Designator=YELLOW4
