Removed Pin From Net: NetName=VCC Pin=C1-1
Removed Pin From Net: NetName=GND Pin=C1-2
Removed Pin From Net: NetName=GND Pin=C2-1
Removed Pin From Net: NetName=INT0 Pin=C2-2
Removed Pin From Net: NetName=RST Pin=C3-1
Removed Pin From Net: NetName=VCC Pin=C3-2
Removed Pin From Net: NetName=VCC Pin=GREEN1-1
Removed Pin From Net: NetName=VCC Pin=GREEN2-1
Removed Pin From Net: NetName=VCC Pin=GREEN12-1
Removed Pin From Net: NetName=VCC Pin=GREEN21-1
Removed Pin From Net: NetName=RST Pin=IC1-9
Removed Pin From Net: NetName=INT0 Pin=IC1-12
Removed Pin From Net: NetName=PIN1 Pin=IC1-14
Removed Pin From Net: NetName=PIN2 Pin=IC1-15
Removed Pin From Net: NetName=PIN3 Pin=IC1-16
Removed Pin From Net: NetName=PIN4 Pin=IC1-17
Removed Pin From Net: NetName=XT1 Pin=IC1-18
Removed Pin From Net: NetName=XT2 Pin=IC1-19
Removed Pin From Net: NetName=GND Pin=IC1-20
Removed Pin From Net: NetName=GREEN1 Pin=IC1-21
Removed Pin From Net: NetName=YELLOW1 Pin=IC1-22
Removed Pin From Net: NetName=RED1 Pin=IC1-23
Removed Pin From Net: NetName=GREEN2 Pin=IC1-24
Removed Pin From Net: NetName=YELLOW2 Pin=IC1-25
Removed Pin From Net: NetName=RED2 Pin=IC1-26
Removed Pin From Net: NetName=VCC Pin=IC1-31
Removed Pin From Net: NetName=P07 Pin=IC1-32
Removed Pin From Net: NetName=P06 Pin=IC1-33
Removed Pin From Net: NetName=P05 Pin=IC1-34
Removed Pin From Net: NetName=P04 Pin=IC1-35
Removed Pin From Net: NetName=P03 Pin=IC1-36
Removed Pin From Net: NetName=P02 Pin=IC1-37
Removed Pin From Net: NetName=P01 Pin=IC1-38
Removed Pin From Net: NetName=P00 Pin=IC1-39
Removed Pin From Net: NetName=VCC Pin=IC1-40
Removed Pin From Net: NetName=VCC Pin=JDC1-1
Removed Pin From Net: NetName=GND Pin=JDC1-2
Removed Pin From Net: NetName=GND Pin=JDC1-3
Removed Pin From Net: NetName=GND Pin=LED13-2
Removed Pin From Net: NetName=RED2 Pin=R2-1
Removed Pin From Net: NetName=VCC Pin=RED1-1
Removed Pin From Net: NetName=VCC Pin=RED2-1
Removed Pin From Net: NetName=VCC Pin=RED12-1
Removed Pin From Net: NetName=VCC Pin=RED21-1
Removed Member From Class: ClassName=Giao_Thong Member=JDC1
Change Component DesignItemId : Designator=IC1 Old DesignItemId=AT89S52 New DesignItemId=LM78xx
Change Component DesignItemId : Designator=C2 Old DesignItemId=CAP CERAMIC New DesignItemId=Cap Pol3
Change Component DesignItemId : Designator=C3 Old DesignItemId=CAP CERAMIC New DesignItemId=CN2
Change Component DesignItemId : Designator=C1 Old DesignItemId=CN-ALU-DIP New DesignItemId=Cap Pol3
Change Component DesignItemId : Designator=R2 Old DesignItemId=Res-SMD New DesignItemId=Res
Change Component Footprint: Designator=C3 Old Footprint=0805 CAP New Footprint=CN2
Change Component Footprint: Designator=C2 Old Footprint=0805 CAP New Footprint=CP2/5
Change Component Footprint: Designator=C1 Old Footprint=CA-ALU-8 New Footprint=CP2/5
Change Component Footprint: Designator=IC1 Old Footprint=DIP40/W0.6 New Footprint=QTO-220
Change Component Comment : Designator=C2 Old Comment=104 New Comment=Cap Pol3
Change Component Comment : Designator=R2 Old Comment=330 New Comment=1K
Change Component Comment : Designator=C1 Old Comment=470uF New Comment=Cap Pol3
Change Component Comment : Designator=IC1 Old Comment=AT89S52 New Comment=LM7805
Change Component Designator: OldDesignator=GREEN1 NewDesignator=GREEN2
Change Component Designator: OldDesignator=GREEN2 NewDesignator=GREEN1
Change Component Designator: OldDesignator=GREEN12 NewDesignator=GREEN3
Change Component Designator: OldDesignator=GREEN21 NewDesignator=GREEN4
Change Component Designator: OldDesignator=LED13 NewDesignator=LED1
Change Component Designator: OldDesignator=R3 NewDesignator=R12
Change Component Designator: OldDesignator=R4 NewDesignator=R13
Change Component Designator: OldDesignator=R5 NewDesignator=R14
Change Component Designator: OldDesignator=R6 NewDesignator=R15
Change Component Designator: OldDesignator=R7 NewDesignator=R16
Change Component Designator: OldDesignator=R8 NewDesignator=R17
Change Component Designator: OldDesignator=R9 NewDesignator=R18
Change Component Designator: OldDesignator=R10 NewDesignator=R19
Change Component Designator: OldDesignator=R11 NewDesignator=R20
Change Component Designator: OldDesignator=R12 NewDesignator=R21
Change Component Designator: OldDesignator=R13 NewDesignator=R22
Change Component Designator: OldDesignator=R14 NewDesignator=R3
Change Component Designator: OldDesignator=R15 NewDesignator=R4
Change Component Designator: OldDesignator=R16 NewDesignator=R5
Change Component Designator: OldDesignator=R17 NewDesignator=R6
Change Component Designator: OldDesignator=R18 NewDesignator=R7
Change Component Designator: OldDesignator=R19 NewDesignator=R8
Change Component Designator: OldDesignator=R20 NewDesignator=R9
Change Component Designator: OldDesignator=R21 NewDesignator=R10
Change Component Designator: OldDesignator=R22 NewDesignator=R23
Change Component Designator: OldDesignator=R23 NewDesignator=R24
Change Component Designator: OldDesignator=R24 NewDesignator=R25
Change Component Designator: OldDesignator=R25 NewDesignator=R26
Change Component Designator: OldDesignator=R26 NewDesignator=R27
Change Component Designator: OldDesignator=R27 NewDesignator=R28
Change Component Designator: OldDesignator=RED1 NewDesignator=RED2
Change Component Designator: OldDesignator=RED2 NewDesignator=RED1
Change Component Designator: OldDesignator=RED12 NewDesignator=RED3
Change Component Designator: OldDesignator=RED21 NewDesignator=RED4
Change Component Designator: OldDesignator=S1 NewDesignator=S2
Change Component Designator: OldDesignator=S2 NewDesignator=S1
Change Component Designator: OldDesignator=YELLOW1 NewDesignator=YELLOW2
Change Component Designator: OldDesignator=YELLOW2 NewDesignator=YELLOW1
Change Component Designator: OldDesignator=YELLOW12 NewDesignator=YELLOW3
Change Component Designator: OldDesignator=YELLOW22 NewDesignator=YELLOW4
Change Component Description : Designator=R2 Old Description=Resistor New Description=Res
Added Component: Designator=C4(CN2)
Added Component: Designator=C6(0805 CAP)
Added Component: Designator=C7(0805 CAP)
Added Component: Designator=D1(E-BIP-P4/D10)
Added Component: Designator=F1(PIN-W2/E2.8)
Added Component: Designator=JP1(HED2)
Added Component: Designator=T1(TRF_4)
Added Pin To Net: NetName=VCC Pin=C2-1
Added Pin To Net: NetName=VCC Pin=C4-2
Added Pin To Net: NetName=RST Pin=C6-1
Added Pin To Net: NetName=VCC Pin=C6-2
Added Pin To Net: NetName=GND Pin=C7-1
Added Pin To Net: NetName=INT0 Pin=C7-2
Added Pin To Net: NetName=VCC Pin=IC1-3
Change Net Name : Old Net Name=NetGREEN1_2 New Net Name=NetGREEN2_2
Change Net Name : Old Net Name=NetGREEN2_2 New Net Name=NetGREEN1_2
Change Net Name : Old Net Name=NetGREEN12_2 New Net Name=NetGREEN3_2
Change Net Name : Old Net Name=NetGREEN21_2 New Net Name=NetGREEN4_2
Change Net Name : Old Net Name=NetLED13_1 New Net Name=NetLED1_1
Change Net Name : Old Net Name=NetR3_2 New Net Name=NetR12_2
Change Net Name : Old Net Name=NetR5_2 New Net Name=NetR14_2
Change Net Name : Old Net Name=NetR6_2 New Net Name=NetR15_2
Change Net Name : Old Net Name=NetR8_2 New Net Name=NetR17_2
Change Net Name : Old Net Name=NetR9_2 New Net Name=NetR18_2
Change Net Name : Old Net Name=NetR11_2 New Net Name=NetR20_2
Change Net Name : Old Net Name=NetR12_2 New Net Name=NetR21_2
Added Pin To Net: NetName=NetC1_1 Pin=C1-1
Added Pin To Net: NetName=NetC1_1 Pin=C3-2
Added Pin To Net: NetName=NetC1_1 Pin=F1-2
Added Pin To Net: NetName=NetC1_1 Pin=IC1-1
Added Pin To Net: NetName=NetC1_1 Pin=R2-1
Added Net: Name=NetC1_1
Added Pin To Net: NetName=NetC1_2 Pin=C1-2
Added Pin To Net: NetName=NetC1_2 Pin=C2-2
Added Pin To Net: NetName=NetC1_2 Pin=C3-1
Added Pin To Net: NetName=NetC1_2 Pin=C4-1
Added Pin To Net: NetName=NetC1_2 Pin=D1-3
Added Pin To Net: NetName=NetC1_2 Pin=IC1-2
Added Pin To Net: NetName=NetC1_2 Pin=LED1-2
Added Net: Name=NetC1_2
Added Pin To Net: NetName=NetD1_1 Pin=D1-1
Added Pin To Net: NetName=NetD1_1 Pin=F1-1
Added Net: Name=NetD1_1
Added Pin To Net: NetName=NetD1_2 Pin=D1-2
Added Pin To Net: NetName=NetD1_2 Pin=T1-4
Added Net: Name=NetD1_2
Added Pin To Net: NetName=NetD1_4 Pin=D1-4
Added Pin To Net: NetName=NetD1_4 Pin=T1-3
Added Net: Name=NetD1_4
Added Pin To Net: NetName=NetGREEN1_1 Pin=GREEN1-1
Added Pin To Net: NetName=NetGREEN1_1 Pin=RED1-1
Added Net: Name=NetGREEN1_1
Added Pin To Net: NetName=NetGREEN2_1 Pin=GREEN2-1
Added Pin To Net: NetName=NetGREEN2_1 Pin=RED2-1
Added Net: Name=NetGREEN2_1
Added Pin To Net: NetName=NetGREEN3_1 Pin=GREEN3-1
Added Pin To Net: NetName=NetGREEN3_1 Pin=RED3-1
Added Net: Name=NetGREEN3_1
Added Pin To Net: NetName=NetGREEN4_1 Pin=GREEN4-1
Added Pin To Net: NetName=NetGREEN4_1 Pin=RED4-1
Added Net: Name=NetGREEN4_1
Added Pin To Net: NetName=NetJP1_1 Pin=JP1-1
Added Pin To Net: NetName=NetJP1_1 Pin=T1-2
Added Net: Name=NetJP1_1
Added Pin To Net: NetName=NetJP1_2 Pin=JP1-2
Added Pin To Net: NetName=NetJP1_2 Pin=T1-1
Added Net: Name=NetJP1_2
Added Pin To Net: NetName=NetLED2_1 Pin=R2-2
Added Net: Name=NetLED2_1
Added Pin To Net: NetName=NetR11_2 Pin=RED1-2
Added Net: Name=NetR11_2
Added Member To Class: ClassName=Giao_Thong Member=Component C4 104
Added Member To Class: ClassName=Giao_Thong Member=Component C6 104
Added Member To Class: ClassName=Giao_Thong Member=Component C7 104
Added Member To Class: ClassName=Giao_Thong Member=Component D1 Bridge1
Added Member To Class: ClassName=Giao_Thong Member=Component F1 Fuse 2
Added Member To Class: ClassName=Giao_Thong Member=Component JP1 Header 2_1
Added Member To Class: ClassName=Giao_Thong Member=Component R28 1k
Added Member To Class: ClassName=Giao_Thong Member=Component T1 Trans Cupl
Added Room: Name=Giao_Thong
